<?xml version="1.0" encoding="UTF-8" ?>
<testsuite errors="0" failures="0" hostname="LAPTOP-U8CJQJON" name="Test" skipped="0" tests="4" time="0.031" timestamp="2021-04-04T02:02:15">
  <properties>
[...]
</properties>
  <testcase classname="Test" name="testsuma" time="0.0" />
  <testcase classname="Test" name="testresta" time="0.0" />
  <testcase classname="Test" name="testdivision" time="0.0" />
  <testcase classname="Test" name="testmulti" time="0.0" />
  <system-out><![CDATA[]]></system-out>
  <system-err><![CDATA[]]></system-err>
</testsuite>
